# JRE version: OpenJDK Runtime Environment (21.0.6) (build 21.0.6+-13391695-b895.109)
# Java VM: OpenJDK 64-Bit Server VM (21.0.6+-13391695-b895.109, mixed mode, tiered, compressed oops, compressed class ptrs, g1 gc, windows-amd64)
GC Precious Log:
 CardTable entry size: 512
 Card Set container configuration: InlinePtr #cards 5 size 8 Array Of Cards #cards 12 size 40 Howl #buckets 4 coarsen threshold 1843 Howl Bitmap #cards 512 size 80 coarsen threshold 460 Card regions per heap region 1 cards per card region 2048
 CPUs: 8 total, 8 available
 Memory: 16246M
 Large Page Support: Disabled
 NUMA Support: Disabled
 Compressed Oops: Enabled (32-bit)
 Heap Region Size: 1M
 Heap Min Capacity: 8M
 Heap Initial Capacity: 254M
 Heap Max Capacity: 2G
 Pre-touch: Disabled
 Parallel Workers: 8
 Concurrent Workers: 2
 Concurrent Refinement Workers: 8
 Periodic GC: Disabled
Heap:
 garbage-first heap   total 454656K, used 274822K [0x0000000080000000, 0x0000000100000000)
  region size 1024K, 11 young (11264K), 7 survivors (7168K)
 Metaspace       used 207039K, committed 210176K, reserved 1245184K
  class space    used 26168K, committed 27712K, reserved 1048576K
GC Heap History (20 events):
Event: 26.184 GC heap before
{Heap before GC invocations=53 (full 0):
 garbage-first heap   total 365568K, used 335319K [0x0000000080000000, 0x0000000100000000)
  region size 1024K, 130 young (133120K), 10 survivors (10240K)
 Metaspace       used 172915K, committed 175616K, reserved 1245184K
  class space    used 22215K, committed 23552K, reserved 1048576K
}
Event: 26.193 GC heap after
{Heap after GC invocations=54 (full 0):
 garbage-first heap   total 365568K, used 216812K [0x0000000080000000, 0x0000000100000000)
  region size 1024K, 11 young (11264K), 11 survivors (11264K)
 Metaspace       used 172915K, committed 175616K, reserved 1245184K
  class space    used 22215K, committed 23552K, reserved 1048576K
}
Event: 27.427 GC heap before
{Heap before GC invocations=55 (full 0):
 garbage-first heap   total 365568K, used 333548K [0x0000000080000000, 0x0000000100000000)
  region size 1024K, 125 young (128000K), 11 survivors (11264K)
 Metaspace       used 179480K, committed 182272K, reserved 1245184K
  class space    used 23068K, committed 24512K, reserved 1048576K
}
Event: 27.436 GC heap after
{Heap after GC invocations=56 (full 0):
 garbage-first heap   total 365568K, used 219680K [0x0000000080000000, 0x0000000100000000)
  region size 1024K, 10 young (10240K), 10 survivors (10240K)
 Metaspace       used 179480K, committed 182272K, reserved 1245184K
  class space    used 23068K, committed 24512K, reserved 1048576K
}
Event: 29.000 GC heap before
{Heap before GC invocations=56 (full 0):
 garbage-first heap   total 365568K, used 339488K [0x0000000080000000, 0x0000000100000000)
  region size 1024K, 123 young (125952K), 10 survivors (10240K)
 Metaspace       used 187114K, committed 189952K, reserved 1245184K
  class space    used 23882K, committed 25280K, reserved 1048576K
}
Event: 29.015 GC heap after
{Heap after GC invocations=57 (full 0):
 garbage-first heap   total 365568K, used 208844K [0x0000000080000000, 0x0000000100000000)
  region size 1024K, 13 young (13312K), 13 survivors (13312K)
 Metaspace       used 187114K, committed 189952K, reserved 1245184K
  class space    used 23882K, committed 25280K, reserved 1048576K
}
Event: 892.295 GC heap before
{Heap before GC invocations=57 (full 0):
 garbage-first heap   total 365568K, used 331724K [0x0000000080000000, 0x0000000100000000)
  region size 1024K, 133 young (136192K), 13 survivors (13312K)
 Metaspace       used 192131K, committed 195072K, reserved 1245184K
  class space    used 24500K, committed 25984K, reserved 1048576K
}
Event: 892.314 GC heap after
{Heap after GC invocations=58 (full 0):
 garbage-first heap   total 365568K, used 216797K [0x0000000080000000, 0x0000000100000000)
  region size 1024K, 16 young (16384K), 16 survivors (16384K)
 Metaspace       used 192131K, committed 195072K, reserved 1245184K
  class space    used 24500K, committed 25984K, reserved 1048576K
}
Event: 893.620 GC heap before
{Heap before GC invocations=59 (full 0):
 garbage-first heap   total 365568K, used 327389K [0x0000000080000000, 0x0000000100000000)
  region size 1024K, 125 young (128000K), 16 survivors (16384K)
 Metaspace       used 194693K, committed 197696K, reserved 1245184K
  class space    used 24831K, committed 26368K, reserved 1048576K
}
Event: 893.639 GC heap after
{Heap after GC invocations=60 (full 0):
 garbage-first heap   total 365568K, used 226614K [0x0000000080000000, 0x0000000100000000)
  region size 1024K, 11 young (11264K), 11 survivors (11264K)
 Metaspace       used 194693K, committed 197696K, reserved 1245184K
  class space    used 24831K, committed 26368K, reserved 1048576K
}
Event: 895.574 GC heap before
{Heap before GC invocations=60 (full 0):
 garbage-first heap   total 365568K, used 342326K [0x0000000080000000, 0x0000000100000000)
  region size 1024K, 116 young (118784K), 11 survivors (11264K)
 Metaspace       used 197980K, committed 201024K, reserved 1245184K
  class space    used 25258K, committed 26752K, reserved 1048576K
}
Event: 895.605 GC heap after
{Heap after GC invocations=61 (full 0):
 garbage-first heap   total 387072K, used 252416K [0x0000000080000000, 0x0000000100000000)
  region size 1024K, 15 young (15360K), 15 survivors (15360K)
 Metaspace       used 197980K, committed 201024K, reserved 1245184K
  class space    used 25258K, committed 26752K, reserved 1048576K
}
Event: 896.480 GC heap before
{Heap before GC invocations=61 (full 0):
 garbage-first heap   total 387072K, used 284160K [0x0000000080000000, 0x0000000100000000)
  region size 1024K, 47 young (48128K), 15 survivors (15360K)
 Metaspace       used 198416K, committed 201472K, reserved 1245184K
  class space    used 25290K, committed 26816K, reserved 1048576K
}
Event: 896.498 GC heap after
{Heap after GC invocations=62 (full 0):
 garbage-first heap   total 387072K, used 265216K [0x0000000080000000, 0x0000000100000000)
  region size 1024K, 11 young (11264K), 11 survivors (11264K)
 Metaspace       used 198416K, committed 201472K, reserved 1245184K
  class space    used 25290K, committed 26816K, reserved 1048576K
}
Event: 899.278 GC heap before
{Heap before GC invocations=63 (full 0):
 garbage-first heap   total 454656K, used 355328K [0x0000000080000000, 0x0000000100000000)
  region size 1024K, 78 young (79872K), 11 survivors (11264K)
 Metaspace       used 198939K, committed 201984K, reserved 1245184K
  class space    used 25332K, committed 26816K, reserved 1048576K
}
Event: 899.292 GC heap after
{Heap after GC invocations=64 (full 0):
 garbage-first heap   total 454656K, used 274099K [0x0000000080000000, 0x0000000100000000)
  region size 1024K, 10 young (10240K), 10 survivors (10240K)
 Metaspace       used 198939K, committed 201984K, reserved 1245184K
  class space    used 25332K, committed 26816K, reserved 1048576K
}
Event: 900.067 GC heap before
{Heap before GC invocations=64 (full 0):
 garbage-first heap   total 454656K, used 381619K [0x0000000080000000, 0x0000000100000000)
  region size 1024K, 116 young (118784K), 10 survivors (10240K)
 Metaspace       used 202620K, committed 205632K, reserved 1245184K
  class space    used 25642K, committed 27136K, reserved 1048576K
}
Event: 900.083 GC heap after
{Heap after GC invocations=65 (full 0):
 garbage-first heap   total 454656K, used 274204K [0x0000000080000000, 0x0000000100000000)
  region size 1024K, 9 young (9216K), 9 survivors (9216K)
 Metaspace       used 202620K, committed 205632K, reserved 1245184K
  class space    used 25642K, committed 27136K, reserved 1048576K
}
Event: 902.252 GC heap before
{Heap before GC invocations=65 (full 0):
 garbage-first heap   total 454656K, used 388892K [0x0000000080000000, 0x0000000100000000)
  region size 1024K, 122 young (124928K), 9 survivors (9216K)
 Metaspace       used 207034K, committed 210176K, reserved 1245184K
  class space    used 26168K, committed 27712K, reserved 1048576K
}
Event: 902.258 GC heap after
{Heap after GC invocations=66 (full 0):
 garbage-first heap   total 454656K, used 271750K [0x0000000080000000, 0x0000000100000000)
  region size 1024K, 7 young (7168K), 7 survivors (7168K)
 Metaspace       used 207034K, committed 210176K, reserved 1245184K
  class space    used 26168K, committed 27712K, reserved 1048576K
}

